[2018-09-30 10:52:43,144] [INFO] "GET /control/ HTTP/1.1" 200 14960
[2018-09-30 10:52:43,361] [INFO] "GET /get_b_c_num/ HTTP/1.1" 200 23
[2018-09-30 10:52:43,370] [INFO] "GET /control/get_old_scheme/ HTTP/1.1" 200 44
[2018-09-30 10:53:14,017] [INFO] "GET /control/ HTTP/1.1" 200 14960
[2018-09-30 10:53:14,245] [INFO] "GET /get_b_c_num/ HTTP/1.1" 200 23
[2018-09-30 10:53:14,257] [INFO] "GET /control/get_old_scheme/ HTTP/1.1" 200 44
[2018-09-30 10:53:56,166] [INFO] "GET /control/ HTTP/1.1" 200 14960
[2018-09-30 10:53:56,297] [INFO] "GET /get_b_c_num/ HTTP/1.1" 200 23
[2018-09-30 10:53:56,306] [INFO] "GET /control/get_old_scheme/ HTTP/1.1" 200 44
[2018-09-30 10:56:16,029] [INFO] "GET /control/ HTTP/1.1" 200 14960
[2018-09-30 10:56:16,251] [INFO] This is an error msg
[2018-09-30 10:56:16,253] [INFO] "GET /get_b_c_num/ HTTP/1.1" 200 23
[2018-09-30 10:56:16,263] [INFO] "GET /control/get_old_scheme/ HTTP/1.1" 200 44
[2018-09-30 10:56:48,585] [INFO] "GET /control/ HTTP/1.1" 200 14960
[2018-09-30 10:56:48,824] [INFO] 没有任何箱号
[2018-09-30 10:56:48,826] [INFO] "GET /get_b_c_num/ HTTP/1.1" 200 23
[2018-09-30 10:56:48,838] [INFO] "GET /control/get_old_scheme/ HTTP/1.1" 200 44
[2018-09-30 10:57:05,817] [INFO] "GET /control/ HTTP/1.1" 200 14960
[2018-09-30 10:57:05,933] [ERROR] 没有任何箱号
[2018-09-30 10:57:05,969] [INFO] "GET /get_b_c_num/ HTTP/1.1" 200 23
[2018-09-30 10:57:05,978] [INFO] "GET /control/get_old_scheme/ HTTP/1.1" 200 44
[2018-09-30 11:15:18,226] [INFO] "GET /control/ HTTP/1.1" 200 14960
[2018-09-30 11:15:18,444] [ERROR] 没有任何箱号
[2018-09-30 11:15:18,482] [ERROR] 没有任何电炉
[2018-09-30 11:15:18,504] [INFO] "GET /get_b_c_num/ HTTP/1.1" 200 23
[2018-09-30 11:15:18,514] [INFO] "GET /control/get_old_scheme/ HTTP/1.1" 200 44
[2018-09-30 11:15:24,985] [INFO] "GET /monitor/ HTTP/1.1" 200 27311
[2018-09-30 11:15:25,102] [ERROR] 没有任何箱号
[2018-09-30 11:15:25,126] [ERROR] 没有任何电炉
[2018-09-30 11:15:25,146] [INFO] "GET /get_b_c_num/ HTTP/1.1" 200 23
[2018-09-30 11:15:25,157] [INFO] "GET /monitor/oven_status/ HTTP/1.1" 200 12
[2018-09-30 11:15:25,165] [INFO] "GET /monitor/cells_info/ HTTP/1.1" 200 13
[2018-09-30 11:15:25,174] [INFO] "GET /monitor/tests_info/ HTTP/1.1" 200 13
[2018-09-30 11:16:00,336] [INFO] "GET /control/ HTTP/1.1" 200 14960
[2018-09-30 11:16:00,456] [ERROR] 没有任何箱号
[2018-09-30 11:16:00,478] [ERROR] 没有任何电炉
[2018-09-30 11:16:00,499] [INFO] "GET /get_b_c_num/ HTTP/1.1" 200 23
[2018-09-30 11:16:00,509] [INFO] "GET /control/get_old_scheme/ HTTP/1.1" 200 44
[2018-09-30 11:16:01,686] [ERROR] startchannel:当前通道还未创建realdatatable
[2018-09-30 11:16:01,707] [INFO] "POST /control/start_channel/ HTTP/1.1" 200 105
[2018-10-01 10:52:20,981] [INFO] "GET / HTTP/1.1" 200 5539
[2018-10-01 10:52:21,003] [INFO] "GET /static/css/bootstrap.min.css HTTP/1.1" 200 121200
[2018-10-01 10:52:21,201] [INFO] "GET /static/css/font-awesome.min.css HTTP/1.1" 200 31000
[2018-10-01 10:52:21,315] [INFO] "GET /static/css/ionicons.min.css HTTP/1.1" 200 51284
[2018-10-01 10:52:21,315] [INFO] "GET /static/css/_all-skins.min.css HTTP/1.1" 200 41583
[2018-10-01 10:52:21,317] [INFO] "GET /static/css/AdminLTE.min.css HTTP/1.1" 200 91501
[2018-10-01 10:52:21,319] [INFO] "GET /static/js/common/jquery.min.js HTTP/1.1" 200 86927
[2018-10-01 10:52:21,323] [INFO] "GET /static/js/common/echarts.min.js HTTP/1.1" 200 701506
[2018-10-01 10:52:21,510] [INFO] "GET /static/js/common/bootstrap-datepicker.min.js HTTP/1.1" 200 33529
[2018-10-01 10:52:21,628] [INFO] "GET /static/js/common/bootstrap-datepicker.zh-CN.min.js HTTP/1.1" 200 593
[2018-10-01 10:52:21,628] [INFO] "GET /static/js/common/bootstrap-table-export.min.js HTTP/1.1" 200 3046
[2018-10-01 10:52:21,629] [INFO] "GET /static/js/common/bootstrap-table-zh-CN.min.js HTTP/1.1" 200 951
[2018-10-01 10:52:21,630] [INFO] "GET /static/js/common/bootstrap-table.min.js HTTP/1.1" 200 58939
[2018-10-01 10:52:21,646] [INFO] "GET /static/js/common/tableExport.min.js HTTP/1.1" 200 36330
[2018-10-01 10:52:21,817] [INFO] "GET /static/js/common/bootstrap.min.js HTTP/1.1" 200 37045
[2018-10-01 10:52:21,939] [INFO] "GET /static/js/common/adminlte.min.js HTTP/1.1" 200 14548
[2018-10-01 10:52:21,939] [INFO] "GET /static/js/common/moment.min.js HTTP/1.1" 200 51599
[2018-10-01 10:52:21,951] [INFO] "GET /static/img/chat.png HTTP/1.1" 200 2490
[2018-10-01 10:52:21,951] [INFO] "GET /static/js/index.js HTTP/1.1" 200 13061
[2018-10-01 10:52:22,390] [WARNING] Not Found: /favicon.ico
[2018-10-01 10:52:22,390] [WARNING] "GET /favicon.ico HTTP/1.1" 404 6594
[2018-10-01 10:52:22,976] [WARNING] Not Found: /getRealData/
[2018-10-01 10:52:22,977] [WARNING] "GET /getRealData/ HTTP/1.1" 404 6597
[2018-10-01 10:52:23,726] [INFO] "GET /users/login/ HTTP/1.1" 200 2061
[2018-10-01 10:52:23,765] [INFO] "GET /static/fonts/glyphicons-halflings-regular.woff2 HTTP/1.1" 200 18028
[2018-10-01 10:52:26,049] [INFO] "POST /users/login/ HTTP/1.1" 200 2142
[2018-10-01 10:52:30,883] [INFO] "POST /users/login/ HTTP/1.1" 302 0
[2018-10-01 10:52:31,376] [INFO] "GET / HTTP/1.1" 200 13050
[2018-10-01 10:52:31,697] [INFO] "GET /static/img/topo.svg HTTP/1.1" 200 60784
[2018-10-01 10:52:31,697] [INFO] "GET /static/fonts/fontawesome-webfont.woff2?v=4.7.0 HTTP/1.1" 200 77160
[2018-10-01 10:52:31,744] [INFO] "GET /static/img/logo.png HTTP/1.1" 200 20323
[2018-10-01 10:52:31,779] [INFO] "GET /static/img/noavatar_small.gif HTTP/1.1" 200 1574
[2018-10-01 10:52:32,460] [WARNING] Not Found: /getRealData/
[2018-10-01 10:52:32,461] [WARNING] "GET /getRealData/ HTTP/1.1" 404 6597
[2018-10-01 10:52:33,290] [INFO] "GET /control/ HTTP/1.1" 200 14959
[2018-10-01 10:52:33,580] [INFO] "GET /static/js/control.js HTTP/1.1" 200 28955
[2018-10-01 10:52:33,907] [ERROR] 没有任何箱号
[2018-10-01 10:52:33,941] [ERROR] 没有任何电炉
[2018-10-01 10:52:33,963] [INFO] "GET /get_b_c_num/ HTTP/1.1" 200 23
[2018-10-01 10:52:34,157] [INFO] "GET /control/get_old_scheme/ HTTP/1.1" 200 44
[2018-10-01 10:52:34,282] [INFO] "GET /oven_control/ HTTP/1.1" 200 15154
[2018-10-01 10:52:34,471] [ERROR] 没有任何箱号
[2018-10-01 10:52:34,494] [ERROR] 没有任何电炉
[2018-10-01 10:52:34,514] [INFO] "GET /get_b_c_num/ HTTP/1.1" 200 23
[2018-10-01 10:52:34,660] [INFO] "GET /control/get_old_oven_scheme/ HTTP/1.1" 200 44
[2018-10-01 10:52:34,985] [INFO] "GET /gas_control/ HTTP/1.1" 200 10160
[2018-10-01 10:52:35,277] [ERROR] 没有任何箱号
[2018-10-01 10:52:35,301] [ERROR] 没有任何电炉
[2018-10-01 10:52:35,324] [INFO] "GET /get_b_c_num/ HTTP/1.1" 200 23
[2018-10-01 10:52:35,802] [INFO] "GET /control/ HTTP/1.1" 200 14959
[2018-10-01 10:52:35,874] [ERROR] 没有任何箱号
[2018-10-01 10:52:35,898] [ERROR] 没有任何电炉
[2018-10-01 10:52:35,919] [INFO] "GET /get_b_c_num/ HTTP/1.1" 200 23
[2018-10-01 10:52:36,050] [INFO] "GET /control/get_old_scheme/ HTTP/1.1" 200 44
[2018-10-01 15:42:13,295] [INFO] "GET /oven_control/ HTTP/1.1" 200 15154
[2018-10-01 15:42:13,494] [ERROR] 没有任何箱号
[2018-10-01 15:42:13,516] [ERROR] 没有任何电炉
[2018-10-01 15:42:13,538] [INFO] "GET /get_b_c_num/ HTTP/1.1" 200 23
[2018-10-01 15:42:13,548] [INFO] "GET /control/get_old_oven_scheme/ HTTP/1.1" 200 44
[2018-10-01 15:42:14,566] [INFO] "GET /gas_control/ HTTP/1.1" 200 10160
[2018-10-01 15:42:14,677] [ERROR] 没有任何箱号
[2018-10-01 15:42:14,716] [ERROR] 没有任何电炉
[2018-10-01 15:42:14,738] [INFO] "GET /get_b_c_num/ HTTP/1.1" 200 23
[2018-10-01 15:42:22,086] [INFO] "GET /monitor/ HTTP/1.1" 200 27310
[2018-10-01 15:42:22,377] [INFO] "GET /static/js/monitor.js HTTP/1.1" 200 28533
[2018-10-01 15:42:22,703] [ERROR] 没有任何箱号
[2018-10-01 15:42:22,724] [ERROR] 没有任何电炉
[2018-10-01 15:42:22,746] [INFO] "GET /get_b_c_num/ HTTP/1.1" 200 23
[2018-10-01 15:42:22,955] [INFO] "GET /monitor/oven_status/ HTTP/1.1" 200 12
[2018-10-01 15:42:23,058] [INFO] "GET /monitor/cells_info/ HTTP/1.1" 200 13
[2018-10-01 15:42:23,267] [INFO] "GET /monitor/tests_info/ HTTP/1.1" 200 13
[2018-10-01 15:42:23,372] [ERROR] 继续失败：没找到testid
[2018-10-01 15:42:23,392] [INFO] "POST /control/continue_channel/ HTTP/1.1" 200 51
[2018-10-01 18:56:36,280] [INFO] "GET /monitor/ HTTP/1.1" 200 27310
[2018-10-01 18:56:36,531] [ERROR] 没有任何箱号
[2018-10-01 18:56:36,562] [ERROR] 没有任何电炉
[2018-10-01 18:56:36,587] [INFO] "GET /get_b_c_num/ HTTP/1.1" 200 23
[2018-10-01 18:56:36,599] [INFO] "GET /monitor/oven_status/ HTTP/1.1" 200 12
[2018-10-01 18:56:36,923] [INFO] "GET /monitor/cells_info/ HTTP/1.1" 200 13
[2018-10-01 18:56:37,174] [INFO] "GET /monitor/tests_info/ HTTP/1.1" 200 13
[2018-10-02 09:55:34,584] [INFO] "GET / HTTP/1.1" 200 13050
[2018-10-02 09:55:34,610] [INFO] "GET /static/js/common/bootstrap-datepicker.zh-CN.min.js HTTP/1.1" 200 593
[2018-10-02 09:55:34,614] [INFO] "GET /static/js/common/bootstrap-table-zh-CN.min.js HTTP/1.1" 200 951
[2018-10-02 09:55:34,933] [INFO] "GET /static/img/topo.svg HTTP/1.1" 200 60784
[2018-10-02 09:55:34,933] [INFO] "GET /static/fonts/fontawesome-webfont.woff2?v=4.7.0 HTTP/1.1" 200 77160
[2018-10-02 09:55:35,081] [INFO] "GET /static/img/chat.png HTTP/1.1" 200 2490
[2018-10-02 09:55:35,084] [INFO] "GET /static/img/logo.png HTTP/1.1" 200 20323
[2018-10-02 09:55:35,169] [INFO] "GET /static/img/noavatar_small.gif HTTP/1.1" 200 1574
[2018-10-02 09:55:35,190] [WARNING] Not Found: /favicon.ico
[2018-10-02 09:55:35,192] [WARNING] "GET /favicon.ico HTTP/1.1" 404 6594
[2018-10-02 09:55:35,842] [WARNING] Not Found: /getRealData/
[2018-10-02 09:55:35,843] [WARNING] "GET /getRealData/ HTTP/1.1" 404 6597
[2018-10-02 09:55:37,141] [WARNING] Not Found: /getRealData/
[2018-10-02 09:55:37,142] [WARNING] "GET /getRealData/ HTTP/1.1" 404 6597
[2018-10-02 09:55:37,799] [INFO] "GET /monitor/ HTTP/1.1" 200 27310
[2018-10-02 09:55:38,094] [ERROR] 没有任何箱号
[2018-10-02 09:55:38,129] [ERROR] 没有任何电炉
[2018-10-02 09:55:38,150] [INFO] "GET /get_b_c_num/ HTTP/1.1" 200 23
[2018-10-02 09:55:38,463] [INFO] "GET /monitor/oven_status/ HTTP/1.1" 200 12
[2018-10-02 09:55:38,715] [INFO] "GET /monitor/cells_info/ HTTP/1.1" 200 13
[2018-10-02 09:55:38,777] [INFO] "GET /monitor/tests_info/ HTTP/1.1" 200 13
[2018-10-02 09:55:41,382] [INFO] "GET /control/ HTTP/1.1" 200 14959
[2018-10-02 09:55:41,671] [ERROR] 没有任何箱号
[2018-10-02 09:55:41,693] [ERROR] 没有任何电炉
[2018-10-02 09:55:41,714] [INFO] "GET /get_b_c_num/ HTTP/1.1" 200 23
[2018-10-02 09:55:42,027] [INFO] "GET /control/get_old_scheme/ HTTP/1.1" 200 44
[2018-10-02 09:55:42,284] [INFO] "GET /oven_control/ HTTP/1.1" 200 15154
[2018-10-02 09:55:42,369] [ERROR] 没有任何箱号
[2018-10-02 09:55:42,393] [ERROR] 没有任何电炉
[2018-10-02 09:55:42,414] [INFO] "GET /get_b_c_num/ HTTP/1.1" 200 23
[2018-10-02 09:55:42,728] [INFO] "GET /control/get_old_oven_scheme/ HTTP/1.1" 200 44
[2018-10-02 09:55:42,981] [INFO] "GET /oven_control/ HTTP/1.1" 200 15154
[2018-10-02 09:55:43,064] [ERROR] 没有任何箱号
[2018-10-02 09:55:43,088] [ERROR] 没有任何电炉
[2018-10-02 09:55:43,110] [INFO] "GET /get_b_c_num/ HTTP/1.1" 200 23
[2018-10-02 09:55:43,422] [INFO] "GET /control/get_old_oven_scheme/ HTTP/1.1" 200 44
[2018-10-02 09:55:43,681] [INFO] "GET /gas_control/ HTTP/1.1" 200 10160
[2018-10-02 09:55:43,774] [ERROR] 没有任何箱号
[2018-10-02 09:55:43,797] [ERROR] 没有任何电炉
[2018-10-02 09:55:43,819] [INFO] "GET /get_b_c_num/ HTTP/1.1" 200 23
[2018-10-02 09:55:44,220] [INFO] "GET /monitor/ HTTP/1.1" 200 27310
[2018-10-02 09:55:44,512] [ERROR] 没有任何箱号
[2018-10-02 09:55:44,534] [ERROR] 没有任何电炉
[2018-10-02 09:55:44,556] [INFO] "GET /get_b_c_num/ HTTP/1.1" 200 23
[2018-10-02 09:55:44,866] [INFO] "GET /monitor/oven_status/ HTTP/1.1" 200 12
[2018-10-02 09:55:45,119] [INFO] "GET /monitor/cells_info/ HTTP/1.1" 200 13
[2018-10-02 09:55:45,177] [INFO] "GET /monitor/tests_info/ HTTP/1.1" 200 13
[2018-10-02 09:55:51,305] [INFO] "GET /control/ HTTP/1.1" 200 14959
[2018-10-02 09:55:51,599] [ERROR] 没有任何箱号
[2018-10-02 09:55:51,621] [ERROR] 没有任何电炉
[2018-10-02 09:55:51,642] [INFO] "GET /get_b_c_num/ HTTP/1.1" 200 23
[2018-10-02 09:55:51,952] [INFO] "GET /control/get_old_scheme/ HTTP/1.1" 200 44
[2018-10-02 09:55:52,208] [INFO] "GET /oven_control/ HTTP/1.1" 200 15154
[2018-10-02 09:55:52,309] [ERROR] 没有任何箱号
[2018-10-02 09:55:52,333] [ERROR] 没有任何电炉
[2018-10-02 09:55:52,355] [INFO] "GET /get_b_c_num/ HTTP/1.1" 200 23
[2018-10-02 09:55:52,666] [INFO] "GET /control/get_old_oven_scheme/ HTTP/1.1" 200 44
[2018-10-02 09:55:52,921] [INFO] "GET /gas_control/ HTTP/1.1" 200 10160
[2018-10-02 09:55:53,003] [ERROR] 没有任何箱号
[2018-10-02 09:55:53,026] [ERROR] 没有任何电炉
[2018-10-02 09:55:53,049] [INFO] "GET /get_b_c_num/ HTTP/1.1" 200 23
[2018-10-02 09:55:53,501] [INFO] "GET /monitor/ HTTP/1.1" 200 27310
[2018-10-02 09:55:53,600] [ERROR] 没有任何箱号
[2018-10-02 09:55:53,641] [ERROR] 没有任何电炉
[2018-10-02 09:55:53,662] [INFO] "GET /get_b_c_num/ HTTP/1.1" 200 23
[2018-10-02 09:55:53,747] [INFO] "GET /monitor/oven_status/ HTTP/1.1" 200 12
[2018-10-02 09:55:54,057] [INFO] "GET /monitor/cells_info/ HTTP/1.1" 200 13
[2018-10-02 09:55:54,309] [INFO] "GET /monitor/tests_info/ HTTP/1.1" 200 13
